chat-demo-android/build/outputs/logs/manifest-merger-debug-report.txt
-- Merging decision tree log ---
manifest
ADDED from src/main/AndroidManifest.xml:1:1-88:12
INJECTED from src/main/AndroidManifest.xml:1:1-88:12
INJECTED from src/main/AndroidManifest.xml:1:1-88:12
INJECTED from src/main/AndroidManifest.xml:1:1-88:12
MERGED from [com.google.firebase:firebase-core:11.4.0] AndroidManifest.xml:2:1-6:12
MERGED from [com.android.support:design:25.3.1] AndroidManifest.xml:17:1-31:12
MERGED from [eu.inloop:simplerecycleradapter:0.3.4] AndroidManifest.xml:2:1-11:12
MERGED from [com.android.support:appcompat-v7:25.3.1] AndroidManifest.xml:17:1-31:12
MERGED from [com.google.firebase:firebase-messaging:11.4.0] AndroidManifest.xml:16:1-30:12
MERGED from [com.google.android.gms:play-services-base:11.4.0] AndroidManifest.xml:16:1-21:12
MERGED from [com.jakewharton:kotterknife:0.1.0-SNAPSHOT] AndroidManifest.xml:2:1-13:12
MERGED from [com.twilio:chat-android:3.1.0] AndroidManifest.xml:2:1-17:12
MERGED from [com.twilio:accessmanager-android:0.1.0] AndroidManifest.xml:2:1-11:12
MERGED from [com.google.firebase:firebase-analytics:11.4.0] AndroidManifest.xml:16:1-35:12
MERGED from [com.android.support:animated-vector-drawable:25.3.1] AndroidManifest.xml:17:1-28:12
MERGED from [com.android.support:support-vector-drawable:25.3.1] AndroidManifest.xml:17:1-28:12
MERGED from [com.android.support:transition:25.3.1] AndroidManifest.xml:17:1-28:12
MERGED from [com.google.firebase:firebase-analytics-impl:11.4.0] AndroidManifest.xml:16:1-29:12
MERGED from [com.google.firebase:firebase-iid:11.4.0] AndroidManifest.xml:16:1-50:12
MERGED from [com.google.firebase:firebase-common:11.4.0] AndroidManifest.xml:2:1-8:12
MERGED from [com.google.android.gms:play-services-tasks:11.4.0] AndroidManifest.xml:2:1-5:12
MERGED from [com.google.android.gms:play-services-basement:11.4.0] AndroidManifest.xml:16:1-23:12
MERGED from [com.android.support:support-v4:26.0.2] AndroidManifest.xml:17:1-31:12
MERGED from [com.android.support:support-media-compat:26.0.2] AndroidManifest.xml:17:1-31:12
MERGED from [com.android.support:support-fragment:26.0.2] AndroidManifest.xml:17:1-31:12
MERGED from [com.android.support:support-core-utils:26.0.2] AndroidManifest.xml:17:1-31:12
MERGED from [com.android.support:recyclerview-v7:26.0.2] AndroidManifest.xml:17:1-28:12
MERGED from [com.android.support:support-core-ui:26.0.2] AndroidManifest.xml:17:1-31:12
MERGED from [com.android.support:support-compat:26.0.2] AndroidManifest.xml:17:1-31:12
INJECTED from src/main/AndroidManifest.xml:1:1-88:12
INJECTED from src/main/AndroidManifest.xml:1:1-88:12
INJECTED from src/main/AndroidManifest.xml:1:1-88:12
	package
		ADDED from src/main/AndroidManifest.xml:2:5-35
		INJECTED from src/main/AndroidManifest.xml
		INJECTED from src/main/AndroidManifest.xml
	android:versionName
		INJECTED from src/main/AndroidManifest.xml
		ADDED from src/main/AndroidManifest.xml:1:1-88:12
		INJECTED from src/main/AndroidManifest.xml
	xmlns:android
		ADDED from src/main/AndroidManifest.xml:1:11-69
	android:versionCode
		ADDED from src/main/AndroidManifest.xml:3:5-29
		INJECTED from src/main/AndroidManifest.xml
		INJECTED from src/main/AndroidManifest.xml
uses-sdk
ADDED from src/main/AndroidManifest.xml:4:6-6:41
INJECTED from src/main/AndroidManifest.xml:4:6-6:41
INJECTED from src/main/AndroidManifest.xml:4:6-6:41
MERGED from [com.google.firebase:firebase-core:11.4.0] AndroidManifest.xml:4:5-43
MERGED from [com.google.firebase:firebase-core:11.4.0] AndroidManifest.xml:4:5-43
MERGED from [com.android.support:design:25.3.1] AndroidManifest.xml:21:5-23:62
MERGED from [com.android.support:design:25.3.1] AndroidManifest.xml:21:5-23:62
MERGED from [eu.inloop:simplerecycleradapter:0.3.4] AndroidManifest.xml:7:5-9:41
MERGED from [eu.inloop:simplerecycleradapter:0.3.4] AndroidManifest.xml:7:5-9:41
MERGED from [com.android.support:appcompat-v7:25.3.1] AndroidManifest.xml:21:5-23:78
MERGED from [com.android.support:appcompat-v7:25.3.1] AndroidManifest.xml:21:5-23:78
MERGED from [com.google.firebase:firebase-messaging:11.4.0] AndroidManifest.xml:17:5-43
MERGED from [com.google.firebase:firebase-messaging:11.4.0] AndroidManifest.xml:17:5-43
MERGED from [com.google.android.gms:play-services-base:11.4.0] AndroidManifest.xml:17:5-43
MERGED from [com.google.android.gms:play-services-base:11.4.0] AndroidManifest.xml:17:5-43
MERGED from [com.jakewharton:kotterknife:0.1.0-SNAPSHOT] AndroidManifest.xml:7:5-9:41
MERGED from [com.jakewharton:kotterknife:0.1.0-SNAPSHOT] AndroidManifest.xml:7:5-9:41
MERGED from [com.twilio:chat-android:3.1.0] AndroidManifest.xml:7:5-9:41
MERGED from [com.twilio:chat-android:3.1.0] AndroidManifest.xml:7:5-9:41
MERGED from [com.twilio:accessmanager-android:0.1.0] AndroidManifest.xml:7:5-9:41
MERGED from [com.twilio:accessmanager-android:0.1.0] AndroidManifest.xml:7:5-9:41
MERGED from [com.google.firebase:firebase-analytics:11.4.0] AndroidManifest.xml:17:5-43
MERGED from [com.google.firebase:firebase-analytics:11.4.0] AndroidManifest.xml:17:5-43
MERGED from [com.android.support:animated-vector-drawable:25.3.1] AndroidManifest.xml:20:5-44
MERGED from [com.android.support:animated-vector-drawable:25.3.1] AndroidManifest.xml:20:5-44
MERGED from [com.android.support:support-vector-drawable:25.3.1] AndroidManifest.xml:20:5-43
MERGED from [com.android.support:support-vector-drawable:25.3.1] AndroidManifest.xml:20:5-43
MERGED from [com.android.support:transition:25.3.1] AndroidManifest.xml:20:5-44
MERGED from [com.android.support:transition:25.3.1] AndroidManifest.xml:20:5-44
MERGED from [com.google.firebase:firebase-analytics-impl:11.4.0] AndroidManifest.xml:17:5-43
MERGED from [com.google.firebase:firebase-analytics-impl:11.4.0] AndroidManifest.xml:17:5-43
MERGED from [com.google.firebase:firebase-iid:11.4.0] AndroidManifest.xml:17:5-43
MERGED from [com.google.firebase:firebase-iid:11.4.0] AndroidManifest.xml:17:5-43
MERGED from [com.google.firebase:firebase-common:11.4.0] AndroidManifest.xml:3:5-43
MERGED from [com.google.firebase:firebase-common:11.4.0] AndroidManifest.xml:3:5-43
MERGED from [com.google.android.gms:play-services-tasks:11.4.0] AndroidManifest.xml:3:5-43
MERGED from [com.google.android.gms:play-services-tasks:11.4.0] AndroidManifest.xml:3:5-43
MERGED from [com.google.android.gms:play-services-basement:11.4.0] AndroidManifest.xml:17:5-43
MERGED from [com.google.android.gms:play-services-basement:11.4.0] AndroidManifest.xml:17:5-43
MERGED from [com.android.support:support-v4:26.0.2] AndroidManifest.xml:21:5-23:54
MERGED from [com.android.support:support-v4:26.0.2] AndroidManifest.xml:21:5-23:54
MERGED from [com.android.support:support-media-compat:26.0.2] AndroidManifest.xml:21:5-23:63
MERGED from [com.android.support:support-media-compat:26.0.2] AndroidManifest.xml:21:5-23:63
MERGED from [com.android.support:support-fragment:26.0.2] AndroidManifest.xml:21:5-23:60
MERGED from [com.android.support:support-fragment:26.0.2] AndroidManifest.xml:21:5-23:60
MERGED from [com.android.support:support-core-utils:26.0.2] AndroidManifest.xml:21:5-23:61
MERGED from [com.android.support:support-core-utils:26.0.2] AndroidManifest.xml:21:5-23:61
MERGED from [com.android.support:recyclerview-v7:26.0.2] AndroidManifest.xml:20:5-44
MERGED from [com.android.support:recyclerview-v7:26.0.2] AndroidManifest.xml:20:5-44
MERGED from [com.android.support:support-core-ui:26.0.2] AndroidManifest.xml:21:5-23:58
MERGED from [com.android.support:support-core-ui:26.0.2] AndroidManifest.xml:21:5-23:58
MERGED from [com.android.support:support-compat:26.0.2] AndroidManifest.xml:21:5-23:58
MERGED from [com.android.support:support-compat:26.0.2] AndroidManifest.xml:21:5-23:58
INJECTED from src/main/AndroidManifest.xml:4:6-6:41
INJECTED from src/main/AndroidManifest.xml:4:6-6:41
	tools:overrideLibrary
		ADDED from [com.android.support:design:25.3.1] AndroidManifest.xml:23:9-59
	android:targetSdkVersion
		ADDED from src/main/AndroidManifest.xml:6:9-38
		INJECTED from src/main/AndroidManifest.xml
		INJECTED from src/main/AndroidManifest.xml
	android:minSdkVersion
		ADDED from src/main/AndroidManifest.xml:5:9-35
		INJECTED from src/main/AndroidManifest.xml
		INJECTED from src/main/AndroidManifest.xml
uses-permission#com.google.android.c2dm.permission.RECEIVE
ADDED from src/main/AndroidManifest.xml:8:5-82
MERGED from [com.google.firebase:firebase-iid:11.4.0] AndroidManifest.xml:22:5-81
MERGED from [com.google.firebase:firebase-iid:11.4.0] AndroidManifest.xml:22:5-81
	android:name
		ADDED from src/main/AndroidManifest.xml:8:22-79
uses-permission#android.permission.WAKE_LOCK
ADDED from src/main/AndroidManifest.xml:9:5-68
MERGED from [com.google.firebase:firebase-analytics:11.4.0] AndroidManifest.xml:22:5-67
MERGED from [com.google.firebase:firebase-analytics:11.4.0] AndroidManifest.xml:22:5-67
MERGED from [com.google.firebase:firebase-analytics-impl:11.4.0] AndroidManifest.xml:22:5-67
MERGED from [com.google.firebase:firebase-analytics-impl:11.4.0] AndroidManifest.xml:22:5-67
MERGED from [com.google.firebase:firebase-iid:11.4.0] AndroidManifest.xml:21:5-67
MERGED from [com.google.firebase:firebase-iid:11.4.0] AndroidManifest.xml:21:5-67
	android:name
		ADDED from src/main/AndroidManifest.xml:9:22-65
uses-permission#com.twilio.chat.demo.permission.C2D_MESSAGE
ADDED from src/main/AndroidManifest.xml:13:5-83
	android:name
		ADDED from src/main/AndroidManifest.xml:13:22-80
uses-permission#android.permission.INTERNET
ADDED from src/main/AndroidManifest.xml:14:5-67
MERGED from [com.twilio:chat-android:3.1.0] AndroidManifest.xml:11:5-67
MERGED from [com.twilio:chat-android:3.1.0] AndroidManifest.xml:11:5-67
MERGED from [com.google.firebase:firebase-analytics:11.4.0] AndroidManifest.xml:20:5-66
MERGED from [com.google.firebase:firebase-analytics:11.4.0] AndroidManifest.xml:20:5-66
MERGED from [com.google.firebase:firebase-analytics-impl:11.4.0] AndroidManifest.xml:20:5-66
MERGED from [com.google.firebase:firebase-analytics-impl:11.4.0] AndroidManifest.xml:20:5-66
MERGED from [com.google.firebase:firebase-iid:11.4.0] AndroidManifest.xml:20:5-66
MERGED from [com.google.firebase:firebase-iid:11.4.0] AndroidManifest.xml:20:5-66
	android:name
		ADDED from src/main/AndroidManifest.xml:14:22-64
uses-permission#android.permission.ACCESS_NETWORK_STATE
ADDED from src/main/AndroidManifest.xml:15:5-79
MERGED from [com.google.firebase:firebase-analytics:11.4.0] AndroidManifest.xml:21:5-78
MERGED from [com.google.firebase:firebase-analytics:11.4.0] AndroidManifest.xml:21:5-78
MERGED from [com.google.firebase:firebase-analytics-impl:11.4.0] AndroidManifest.xml:21:5-78
MERGED from [com.google.firebase:firebase-analytics-impl:11.4.0] AndroidManifest.xml:21:5-78
MERGED from [com.google.firebase:firebase-iid:11.4.0] AndroidManifest.xml:19:5-78
MERGED from [com.google.firebase:firebase-iid:11.4.0] AndroidManifest.xml:19:5-78
	android:name
		ADDED from src/main/AndroidManifest.xml:15:22-76
uses-permission#android.permission.ACCESS_WIFI_STATE
ADDED from src/main/AndroidManifest.xml:16:5-76
MERGED from [com.twilio:chat-android:3.1.0] AndroidManifest.xml:12:5-76
MERGED from [com.twilio:chat-android:3.1.0] AndroidManifest.xml:12:5-76
	android:name
		ADDED from src/main/AndroidManifest.xml:16:22-73
uses-feature#android.hardware.camera
ADDED from src/main/AndroidManifest.xml:17:5-18:35
	android:required
		ADDED from src/main/AndroidManifest.xml:18:9-32
	android:name
		ADDED from src/main/AndroidManifest.xml:17:19-57
application
ADDED from src/main/AndroidManifest.xml:20:5-87:19
MERGED from [com.google.firebase:firebase-core:11.4.0] AndroidManifest.xml:5:5-20
MERGED from [com.google.firebase:firebase-core:11.4.0] AndroidManifest.xml:5:5-20
MERGED from [com.android.support:design:25.3.1] AndroidManifest.xml:29:5-20
MERGED from [com.android.support:design:25.3.1] AndroidManifest.xml:29:5-20
MERGED from [com.android.support:appcompat-v7:25.3.1] AndroidManifest.xml:29:5-20
MERGED from [com.android.support:appcompat-v7:25.3.1] AndroidManifest.xml:29:5-20
MERGED from [com.google.firebase:firebase-messaging:11.4.0] AndroidManifest.xml:19:5-29:19
MERGED from [com.google.firebase:firebase-messaging:11.4.0] AndroidManifest.xml:19:5-29:19
MERGED from [com.google.android.gms:play-services-base:11.4.0] AndroidManifest.xml:18:5-20:19
MERGED from [com.google.android.gms:play-services-base:11.4.0] AndroidManifest.xml:18:5-20:19
MERGED from [com.jakewharton:kotterknife:0.1.0-SNAPSHOT] AndroidManifest.xml:11:5-20
MERGED from [com.jakewharton:kotterknife:0.1.0-SNAPSHOT] AndroidManifest.xml:11:5-20
MERGED from [com.twilio:chat-android:3.1.0] AndroidManifest.xml:14:5-15:19
MERGED from [com.twilio:chat-android:3.1.0] AndroidManifest.xml:14:5-15:19
MERGED from [com.google.firebase:firebase-analytics:11.4.0] AndroidManifest.xml:24:5-34:19
MERGED from [com.google.firebase:firebase-analytics:11.4.0] AndroidManifest.xml:24:5-34:19
MERGED from [com.android.support:animated-vector-drawable:25.3.1] AndroidManifest.xml:26:5-20
MERGED from [com.android.support:animated-vector-drawable:25.3.1] AndroidManifest.xml:26:5-20
MERGED from [com.android.support:support-vector-drawable:25.3.1] AndroidManifest.xml:26:5-20
MERGED from [com.android.support:support-vector-drawable:25.3.1] AndroidManifest.xml:26:5-20
MERGED from [com.android.support:transition:25.3.1] AndroidManifest.xml:26:5-20
MERGED from [com.android.support:transition:25.3.1] AndroidManifest.xml:26:5-20
MERGED from [com.google.firebase:firebase-analytics-impl:11.4.0] AndroidManifest.xml:24:5-28:19
MERGED from [com.google.firebase:firebase-analytics-impl:11.4.0] AndroidManifest.xml:24:5-28:19
MERGED from [com.google.firebase:firebase-iid:11.4.0] AndroidManifest.xml:28:5-49:19
MERGED from [com.google.firebase:firebase-iid:11.4.0] AndroidManifest.xml:28:5-49:19
MERGED from [com.google.firebase:firebase-common:11.4.0] AndroidManifest.xml:4:5-7:19
MERGED from [com.google.firebase:firebase-common:11.4.0] AndroidManifest.xml:4:5-7:19
MERGED from [com.google.android.gms:play-services-tasks:11.4.0] AndroidManifest.xml:4:5-19
MERGED from [com.google.android.gms:play-services-tasks:11.4.0] AndroidManifest.xml:4:5-19
MERGED from [com.google.android.gms:play-services-basement:11.4.0] AndroidManifest.xml:19:5-21:19
MERGED from [com.google.android.gms:play-services-basement:11.4.0] AndroidManifest.xml:19:5-21:19
MERGED from [com.android.support:support-v4:26.0.2] AndroidManifest.xml:25:5-29:19
MERGED from [com.android.support:support-v4:26.0.2] AndroidManifest.xml:25:5-29:19
MERGED from [com.android.support:support-media-compat:26.0.2] AndroidManifest.xml:25:5-29:19
MERGED from [com.android.support:support-media-compat:26.0.2] AndroidManifest.xml:25:5-29:19
MERGED from [com.android.support:support-fragment:26.0.2] AndroidManifest.xml:25:5-29:19
MERGED from [com.android.support:support-fragment:26.0.2] AndroidManifest.xml:25:5-29:19
MERGED from [com.android.support:support-core-utils:26.0.2] AndroidManifest.xml:25:5-29:19
MERGED from [com.android.support:support-core-utils:26.0.2] AndroidManifest.xml:25:5-29:19
MERGED from [com.android.support:recyclerview-v7:26.0.2] AndroidManifest.xml:22:5-26:19
MERGED from [com.android.support:recyclerview-v7:26.0.2] AndroidManifest.xml:22:5-26:19
MERGED from [com.android.support:support-core-ui:26.0.2] AndroidManifest.xml:25:5-29:19
MERGED from [com.android.support:support-core-ui:26.0.2] AndroidManifest.xml:25:5-29:19
MERGED from [com.android.support:support-compat:26.0.2] AndroidManifest.xml:25:5-29:19
MERGED from [com.android.support:support-compat:26.0.2] AndroidManifest.xml:25:5-29:19
	android:label
		ADDED from src/main/AndroidManifest.xml:24:9-41
	android:icon
		ADDED from src/main/AndroidManifest.xml:23:9-45
	android:allowBackup
		ADDED from src/main/AndroidManifest.xml:22:9-35
	android:theme
		ADDED from src/main/AndroidManifest.xml:25:9-65
	android:name
		ADDED from src/main/AndroidManifest.xml:21:9-42
activity#com.twilio.chat.demo.activities.LoginActivity
ADDED from src/main/AndroidManifest.xml:26:9-33:20
	android:label
		ADDED from src/main/AndroidManifest.xml:28:13-45
	android:name
		ADDED from src/main/AndroidManifest.xml:27:13-53
intent-filter#action:name:android.intent.action.MAIN+category:name:android.intent.category.LAUNCHER
ADDED from src/main/AndroidManifest.xml:29:13-32:29
action#android.intent.action.MAIN
ADDED from src/main/AndroidManifest.xml:30:17-69
	android:name
		ADDED from src/main/AndroidManifest.xml:30:25-66
category#android.intent.category.LAUNCHER
ADDED from src/main/AndroidManifest.xml:31:17-77
	android:name
		ADDED from src/main/AndroidManifest.xml:31:27-74
activity#com.twilio.chat.demo.activities.ChannelActivity
ADDED from src/main/AndroidManifest.xml:34:9-37:20
	android:label
		ADDED from src/main/AndroidManifest.xml:36:13-59
	android:name
		ADDED from src/main/AndroidManifest.xml:35:13-55
activity#com.twilio.chat.demo.activities.MessageActivity
ADDED from src/main/AndroidManifest.xml:38:9-42:20
	android:label
		ADDED from src/main/AndroidManifest.xml:40:13-59
	android:launchMode
		ADDED from src/main/AndroidManifest.xml:41:13-43
	android:name
		ADDED from src/main/AndroidManifest.xml:39:13-55
activity#com.twilio.chat.demo.activities.UserActivity
ADDED from src/main/AndroidManifest.xml:44:9-49:20
	android:screenOrientation
		ADDED from src/main/AndroidManifest.xml:47:13-49
	android:label
		ADDED from src/main/AndroidManifest.xml:46:13-55
	android:launchMode
		ADDED from src/main/AndroidManifest.xml:48:13-43
	android:name
		ADDED from src/main/AndroidManifest.xml:45:13-52
service#com.twilio.chat.demo.services.MediaService
ADDED from src/main/AndroidManifest.xml:51:9-82
	android:exported
		ADDED from src/main/AndroidManifest.xml:51:56-80
	android:name
		ADDED from src/main/AndroidManifest.xml:51:18-55
service#com.twilio.chat.demo.services.FCMListenerService
ADDED from src/main/AndroidManifest.xml:55:9-61:19
	android:name
		ADDED from src/main/AndroidManifest.xml:56:13-56
intent-filter#action:name:com.google.firebase.MESSAGING_EVENT
ADDED from src/main/AndroidManifest.xml:58:13-60:29
action#com.google.firebase.MESSAGING_EVENT
ADDED from src/main/AndroidManifest.xml:59:17-77
	android:name
		ADDED from src/main/AndroidManifest.xml:59:25-75
meta-data#com.google.firebase.messaging.default_notification_icon
ADDED from src/main/AndroidManifest.xml:63:9-65:56
	android:resource
		ADDED from src/main/AndroidManifest.xml:65:13-53
	android:name
		ADDED from src/main/AndroidManifest.xml:64:13-83
meta-data#com.google.firebase.messaging.default_notification_color
ADDED from src/main/AndroidManifest.xml:66:9-68:49
	android:resource
		ADDED from src/main/AndroidManifest.xml:68:13-46
	android:name
		ADDED from src/main/AndroidManifest.xml:67:13-84
service#com.twilio.chat.demo.services.FCMInstanceIDService
ADDED from src/main/AndroidManifest.xml:72:9-78:19
	android:exported
		ADDED from src/main/AndroidManifest.xml:74:13-36
	android:name
		ADDED from src/main/AndroidManifest.xml:73:13-58
intent-filter#action:name:com.google.firebase.INSTANCE_ID_EVENT
ADDED from src/main/AndroidManifest.xml:75:13-77:29
action#com.google.firebase.INSTANCE_ID_EVENT
ADDED from src/main/AndroidManifest.xml:76:17-79
	android:name
		ADDED from src/main/AndroidManifest.xml:76:25-77
service#com.twilio.chat.demo.services.RegistrationIntentService
ADDED from src/main/AndroidManifest.xml:80:9-83:19
	android:exported
		ADDED from src/main/AndroidManifest.xml:82:13-37
	android:name
		ADDED from src/main/AndroidManifest.xml:81:13-63
meta-data#com.google.android.gms.version
ADDED from src/main/AndroidManifest.xml:85:9-86:63
MERGED from [com.google.android.gms:play-services-basement:11.4.0] AndroidManifest.xml:20:9-121
MERGED from [com.google.android.gms:play-services-basement:11.4.0] AndroidManifest.xml:20:9-121
	android:value
		ADDED from src/main/AndroidManifest.xml:86:7-60
	android:name
		ADDED from src/main/AndroidManifest.xml:85:20-65
meta-data#android.support.VERSION
ADDED from [com.android.support:design:25.3.1] AndroidManifest.xml:25:5-27:34
MERGED from [com.android.support:appcompat-v7:25.3.1] AndroidManifest.xml:25:5-27:34
MERGED from [com.android.support:appcompat-v7:25.3.1] AndroidManifest.xml:25:5-27:34
MERGED from [com.android.support:animated-vector-drawable:25.3.1] AndroidManifest.xml:22:5-24:34
MERGED from [com.android.support:animated-vector-drawable:25.3.1] AndroidManifest.xml:22:5-24:34
MERGED from [com.android.support:support-vector-drawable:25.3.1] AndroidManifest.xml:22:5-24:34
MERGED from [com.android.support:support-vector-drawable:25.3.1] AndroidManifest.xml:22:5-24:34
MERGED from [com.android.support:transition:25.3.1] AndroidManifest.xml:22:5-24:34
MERGED from [com.android.support:transition:25.3.1] AndroidManifest.xml:22:5-24:34
MERGED from [com.android.support:support-media-compat:26.0.2] AndroidManifest.xml:26:9-28:38
MERGED from [com.android.support:support-media-compat:26.0.2] AndroidManifest.xml:26:9-28:38
MERGED from [com.android.support:support-fragment:26.0.2] AndroidManifest.xml:26:9-28:38
MERGED from [com.android.support:support-fragment:26.0.2] AndroidManifest.xml:26:9-28:38
MERGED from [com.android.support:support-core-utils:26.0.2] AndroidManifest.xml:26:9-28:38
MERGED from [com.android.support:support-core-utils:26.0.2] AndroidManifest.xml:26:9-28:38
MERGED from [com.android.support:recyclerview-v7:26.0.2] AndroidManifest.xml:23:9-25:38
MERGED from [com.android.support:recyclerview-v7:26.0.2] AndroidManifest.xml:23:9-25:38
MERGED from [com.android.support:support-core-ui:26.0.2] AndroidManifest.xml:26:9-28:38
MERGED from [com.android.support:support-core-ui:26.0.2] AndroidManifest.xml:26:9-28:38
MERGED from [com.android.support:support-compat:26.0.2] AndroidManifest.xml:26:9-28:38
MERGED from [com.android.support:support-compat:26.0.2] AndroidManifest.xml:26:9-28:38
	android:value
		ADDED from [com.android.support:design:25.3.1] AndroidManifest.xml:27:9-31
	android:name
		ADDED from [com.android.support:design:25.3.1] AndroidManifest.xml:26:9-47
service#com.google.firebase.messaging.FirebaseMessagingService
ADDED from [com.google.firebase:firebase-messaging:11.4.0] AndroidManifest.xml:23:9-27:19
	android:exported
		ADDED from [com.google.firebase:firebase-messaging:11.4.0] AndroidManifest.xml:23:88-111
	android:name
		ADDED from [com.google.firebase:firebase-messaging:11.4.0] AndroidManifest.xml:23:18-87
activity#com.google.android.gms.common.api.GoogleApiActivity
ADDED from [com.google.android.gms:play-services-base:11.4.0] AndroidManifest.xml:19:9-172
	android:exported
		ADDED from [com.google.android.gms:play-services-base:11.4.0] AndroidManifest.xml:19:146-170
	android:theme
		ADDED from [com.google.android.gms:play-services-base:11.4.0] AndroidManifest.xml:19:86-145
	android:name
		ADDED from [com.google.android.gms:play-services-base:11.4.0] AndroidManifest.xml:19:19-85
receiver#com.google.android.gms.measurement.AppMeasurementReceiver
ADDED from [com.google.firebase:firebase-analytics:11.4.0] AndroidManifest.xml:25:7-26:18
MERGED from [com.google.firebase:firebase-analytics-impl:11.4.0] AndroidManifest.xml:25:7-26:18
MERGED from [com.google.firebase:firebase-analytics-impl:11.4.0] AndroidManifest.xml:25:7-26:18
	android:enabled
		ADDED from [com.google.firebase:firebase-analytics:11.4.0] AndroidManifest.xml:25:90-112
	android:exported
		ADDED from [com.google.firebase:firebase-analytics:11.4.0] AndroidManifest.xml:25:113-137
	android:name
		ADDED from [com.google.firebase:firebase-analytics:11.4.0] AndroidManifest.xml:25:17-89
receiver#com.google.android.gms.measurement.AppMeasurementInstallReferrerReceiver
ADDED from [com.google.firebase:firebase-analytics:11.4.0] AndroidManifest.xml:27:7-31:18
	android:enabled
		ADDED from [com.google.firebase:firebase-analytics:11.4.0] AndroidManifest.xml:27:162-184
	android:exported
		ADDED from [com.google.firebase:firebase-analytics:11.4.0] AndroidManifest.xml:27:185-208
	android:permission
		ADDED from [com.google.firebase:firebase-analytics:11.4.0] AndroidManifest.xml:27:105-161
	android:name
		ADDED from [com.google.firebase:firebase-analytics:11.4.0] AndroidManifest.xml:27:17-104
intent-filter#action:name:com.android.vending.INSTALL_REFERRER
ADDED from [com.google.firebase:firebase-analytics:11.4.0] AndroidManifest.xml:28:11-30:27
action#com.android.vending.INSTALL_REFERRER
ADDED from [com.google.firebase:firebase-analytics:11.4.0] AndroidManifest.xml:29:15-76
	android:name
		ADDED from [com.google.firebase:firebase-analytics:11.4.0] AndroidManifest.xml:29:23-74
service#com.google.android.gms.measurement.AppMeasurementService
ADDED from [com.google.firebase:firebase-analytics:11.4.0] AndroidManifest.xml:32:7-137
MERGED from [com.google.firebase:firebase-analytics-impl:11.4.0] AndroidManifest.xml:27:7-137
MERGED from [com.google.firebase:firebase-analytics-impl:11.4.0] AndroidManifest.xml:27:7-137
	android:enabled
		ADDED from [com.google.firebase:firebase-analytics:11.4.0] AndroidManifest.xml:32:88-110
	android:exported
		ADDED from [com.google.firebase:firebase-analytics:11.4.0] AndroidManifest.xml:32:111-135
	android:name
		ADDED from [com.google.firebase:firebase-analytics:11.4.0] AndroidManifest.xml:32:16-87
service#com.google.android.gms.measurement.AppMeasurementJobService
ADDED from [com.google.firebase:firebase-analytics:11.4.0] AndroidManifest.xml:33:7-197
	android:enabled
		ADDED from [com.google.firebase:firebase-analytics:11.4.0] AndroidManifest.xml:33:148-170
	android:exported
		ADDED from [com.google.firebase:firebase-analytics:11.4.0] AndroidManifest.xml:33:171-195
	android:permission
		ADDED from [com.google.firebase:firebase-analytics:11.4.0] AndroidManifest.xml:33:91-147
	android:name
		ADDED from [com.google.firebase:firebase-analytics:11.4.0] AndroidManifest.xml:33:16-90
permission#${applicationId}.permission.C2D_MESSAGE
ADDED from [com.google.firebase:firebase-iid:11.4.0] AndroidManifest.xml:24:5-109
	android:protectionLevel
		ADDED from [com.google.firebase:firebase-iid:11.4.0] AndroidManifest.xml:24:72-107
	android:name
		ADDED from [com.google.firebase:firebase-iid:11.4.0] AndroidManifest.xml:24:17-71
permission#com.twilio.chat.demo.debug.permission.C2D_MESSAGE
ADDED from [com.google.firebase:firebase-iid:11.4.0] AndroidManifest.xml:24:5-109
	android:protectionLevel
		ADDED from [com.google.firebase:firebase-iid:11.4.0] AndroidManifest.xml:24:72-107
	android:name
		ADDED from [com.google.firebase:firebase-iid:11.4.0] AndroidManifest.xml:24:17-71
uses-permission#${applicationId}.permission.C2D_MESSAGE
ADDED from [com.google.firebase:firebase-iid:11.4.0] AndroidManifest.xml:26:5-78
	android:name
		ADDED from [com.google.firebase:firebase-iid:11.4.0] AndroidManifest.xml:26:22-76
uses-permission#com.twilio.chat.demo.debug.permission.C2D_MESSAGE
ADDED from [com.google.firebase:firebase-iid:11.4.0] AndroidManifest.xml:26:5-78
	android:name
		ADDED from [com.google.firebase:firebase-iid:11.4.0] AndroidManifest.xml:26:22-76
receiver#com.google.firebase.iid.FirebaseInstanceIdReceiver
ADDED from [com.google.firebase:firebase-iid:11.4.0] AndroidManifest.xml:30:9-35:20
	android:exported
		ADDED from [com.google.firebase:firebase-iid:11.4.0] AndroidManifest.xml:30:85-108
	android:permission
		ADDED from [com.google.firebase:firebase-iid:11.4.0] AndroidManifest.xml:30:109-169
	android:name
		ADDED from [com.google.firebase:firebase-iid:11.4.0] AndroidManifest.xml:30:19-84
intent-filter#action:name:com.google.android.c2dm.intent.RECEIVE+category:name:${applicationId}
ADDED from [com.google.firebase:firebase-iid:11.4.0] AndroidManifest.xml:31:13-34:29
intent-filter#action:name:com.google.android.c2dm.intent.RECEIVE+category:name:com.twilio.chat.demo.debug
ADDED from [com.google.firebase:firebase-iid:11.4.0] AndroidManifest.xml:31:13-34:29
action#com.google.android.c2dm.intent.RECEIVE
ADDED from [com.google.firebase:firebase-iid:11.4.0] AndroidManifest.xml:32:17-80
	android:name
		ADDED from [com.google.firebase:firebase-iid:11.4.0] AndroidManifest.xml:32:25-78
category#${applicationId}
ADDED from [com.google.firebase:firebase-iid:11.4.0] AndroidManifest.xml:33:17-60
	android:name
		ADDED from [com.google.firebase:firebase-iid:11.4.0] AndroidManifest.xml:33:27-58
category#com.twilio.chat.demo.debug
ADDED from [com.google.firebase:firebase-iid:11.4.0] AndroidManifest.xml:33:17-60
	android:name
		ADDED from [com.google.firebase:firebase-iid:11.4.0] AndroidManifest.xml:33:27-58
receiver#com.google.firebase.iid.FirebaseInstanceIdInternalReceiver
ADDED from [com.google.firebase:firebase-iid:11.4.0] AndroidManifest.xml:39:9-119
	android:exported
		ADDED from [com.google.firebase:firebase-iid:11.4.0] AndroidManifest.xml:39:93-117
	android:name
		ADDED from [com.google.firebase:firebase-iid:11.4.0] AndroidManifest.xml:39:19-92
service#com.google.firebase.iid.FirebaseInstanceIdService
ADDED from [com.google.firebase:firebase-iid:11.4.0] AndroidManifest.xml:43:9-47:19
	android:exported
		ADDED from [com.google.firebase:firebase-iid:11.4.0] AndroidManifest.xml:43:83-106
	android:name
		ADDED from [com.google.firebase:firebase-iid:11.4.0] AndroidManifest.xml:43:18-82
provider#com.google.firebase.provider.FirebaseInitProvider
ADDED from [com.google.firebase:firebase-common:11.4.0] AndroidManifest.xml:6:9-194
	android:authorities
		ADDED from [com.google.firebase:firebase-common:11.4.0] AndroidManifest.xml:6:19-78
	android:exported
		ADDED from [com.google.firebase:firebase-common:11.4.0] AndroidManifest.xml:6:144-168
	android:initOrder
		ADDED from [com.google.firebase:firebase-common:11.4.0] AndroidManifest.xml:6:169-192
	android:name
		ADDED from [com.google.firebase:firebase-common:11.4.0] AndroidManifest.xml:6:79-143